<?xml version="1.0" encoding="UTF-8"?>
<!-- Generated by org.testng.reporters.JUnitXMLReporter -->
<testsuite ignored="0" hostname="SONALI-DESKTOP" failures="3" tests="3" name="Test" time="11.499" errors="0" timestamp="2022-03-13T18:26:41 PDT">
  <testcase classname="com.aircanada.testCases.SearchFlightTest" name="book_flight_roundTrip" time="3.391">
    <failure type="org.openqa.selenium.ElementClickInterceptedException" message="element click intercepted: Element &amp;lt;div class=&amp;quot;abc-dir-ltr abc-form-element-main abc-form-element-native-pseudo-select abc-form-element-select user-select-none ng-star-inserted option-selected&amp;quot; id=&amp;quot;siteEditionDropdownSelectedOption&amp;quot; aria-hidden=&amp;quot;true&amp;quot;&amp;gt;...&amp;lt;/div&amp;gt; is not clickable at point (802, 269). Other element would receive the click: &amp;lt;select autocorrect=&amp;quot;off&amp;quot; spellcheck=&amp;quot;false&amp;quot; autocomplete=&amp;quot;off&amp;quot; class=&amp;quot;abc-form-element-native-select ng-untouched ng-pristine ng-valid&amp;quot; id=&amp;quot;siteEditionDropdown&amp;quot; aria-invalid=&amp;quot;false&amp;quot; aria-required=&amp;quot;false&amp;quot; aria-disabled=&amp;quot;false&amp;quot; aria-readonly=&amp;quot;false&amp;quot; aria-label=&amp;quot;Select country - currency&amp;quot; aria-describedby=&amp;quot;siteEditionDropdownSubscript&amp;quot;&amp;gt;...&amp;lt;/select&amp;gt;
  (Session info: chrome=99.0.4844.51)
Build info: version: &amp;apos;4.0.0&amp;apos;, revision: &amp;apos;3a21814679&amp;apos;
System info: host: &amp;apos;SONALI-DESKTOP&amp;apos;, ip: &amp;apos;10.0.0.77&amp;apos;, os.name: &amp;apos;Windows 10&amp;apos;, os.arch: &amp;apos;amd64&amp;apos;, os.version: &amp;apos;10.0&amp;apos;, java.version: &amp;apos;11.0.9&amp;apos;
Driver info: org.openqa.selenium.chrome.ChromeDriver
Command: [317f2cbdcd4f19ffcb0d42fd7eaa965c, clickElement {id=c1f49f7d-d95e-4d19-ae6c-21ac3c8537c0}]
Capabilities {acceptInsecureCerts: false, browserName: chrome, browserVersion: 99.0.4844.51, chrome: {chromedriverVersion: 99.0.4844.51 (d537ec02474b5..., userDataDir: C:\WINDOWS\TEMP\scoped_dir9...}, goog:chromeOptions: {debuggerAddress: localhost:62703}, javascriptEnabled: true, networkConnectionEnabled: false, pageLoadStrategy: normal, platform: WINDOWS, platformName: WINDOWS, proxy: Proxy(), se:cdp: ws://localhost:62703/devtoo..., se:cdpVersion: 99.0.4844.51, setWindowRect: true, strictFileInteractability: false, timeouts: {implicit: 0, pageLoad: 300000, script: 30000}, unhandledPromptBehavior: dismiss and notify, webauthn:extension:credBlob: true, webauthn:extension:largeBlob: true, webauthn:virtualAuthenticators: true}
Element: [[ChromeDriver: chrome on WINDOWS (317f2cbdcd4f19ffcb0d42fd7eaa965c)] -&amp;gt; id: siteEditionDropdownSelectedOption]
Session ID: 317f2cbdcd4f19ffcb0d42fd7eaa965c">
      <![CDATA[org.openqa.selenium.ElementClickInterceptedException: element click intercepted: Element <div class="abc-dir-ltr abc-form-element-main abc-form-element-native-pseudo-select abc-form-element-select user-select-none ng-star-inserted option-selected" id="siteEditionDropdownSelectedOption" aria-hidden="true">...</div> is not clickable at point (802, 269). Other element would receive the click: <select autocorrect="off" spellcheck="false" autocomplete="off" class="abc-form-element-native-select ng-untouched ng-pristine ng-valid" id="siteEditionDropdown" aria-invalid="false" aria-required="false" aria-disabled="false" aria-readonly="false" aria-label="Select country - currency" aria-describedby="siteEditionDropdownSubscript">...</select>
  (Session info: chrome=99.0.4844.51)
Build info: version: '4.0.0', revision: '3a21814679'
System info: host: 'SONALI-DESKTOP', ip: '10.0.0.77', os.name: 'Windows 10', os.arch: 'amd64', os.version: '10.0', java.version: '11.0.9'
Driver info: org.openqa.selenium.chrome.ChromeDriver
Command: [317f2cbdcd4f19ffcb0d42fd7eaa965c, clickElement {id=c1f49f7d-d95e-4d19-ae6c-21ac3c8537c0}]
Capabilities {acceptInsecureCerts: false, browserName: chrome, browserVersion: 99.0.4844.51, chrome: {chromedriverVersion: 99.0.4844.51 (d537ec02474b5..., userDataDir: C:\WINDOWS\TEMP\scoped_dir9...}, goog:chromeOptions: {debuggerAddress: localhost:62703}, javascriptEnabled: true, networkConnectionEnabled: false, pageLoadStrategy: normal, platform: WINDOWS, platformName: WINDOWS, proxy: Proxy(), se:cdp: ws://localhost:62703/devtoo..., se:cdpVersion: 99.0.4844.51, setWindowRect: true, strictFileInteractability: false, timeouts: {implicit: 0, pageLoad: 300000, script: 30000}, unhandledPromptBehavior: dismiss and notify, webauthn:extension:credBlob: true, webauthn:extension:largeBlob: true, webauthn:virtualAuthenticators: true}
Element: [[ChromeDriver: chrome on WINDOWS (317f2cbdcd4f19ffcb0d42fd7eaa965c)] -> id: siteEditionDropdownSelectedOption]
Session ID: 317f2cbdcd4f19ffcb0d42fd7eaa965c
at org.openqa.selenium.remote.codec.w3c.W3CHttpResponseCodec.createException(W3CHttpResponseCodec.java:200)
at org.openqa.selenium.remote.codec.w3c.W3CHttpResponseCodec.decode(W3CHttpResponseCodec.java:133)
at org.openqa.selenium.remote.codec.w3c.W3CHttpResponseCodec.decode(W3CHttpResponseCodec.java:53)
at org.openqa.selenium.remote.HttpCommandExecutor.execute(HttpCommandExecutor.java:184)
at org.openqa.selenium.remote.service.DriverCommandExecutor.invokeExecute(DriverCommandExecutor.java:164)
at org.openqa.selenium.remote.service.DriverCommandExecutor.execute(DriverCommandExecutor.java:139)
at org.openqa.selenium.remote.RemoteWebDriver.execute(RemoteWebDriver.java:559)
at org.openqa.selenium.remote.RemoteWebElement.execute(RemoteWebElement.java:251)
at org.openqa.selenium.remote.RemoteWebElement.click(RemoteWebElement.java:77)
at com.aircanada.pageObjects.SelectSitePage.select_siteEditor(SelectSitePage.java:65)
at com.aircanada.testCases.SearchFlightTest.book_flight_roundTrip(SearchFlightTest.java:26)
at java.base/java.util.ArrayList.forEach(ArrayList.java:1541)
... Removed 35 stack frames]]>
    </failure>
  </testcase> <!-- book_flight_roundTrip -->
  <testcase classname="com.aircanada.testCases.SearchFlightTest" name="verify_Dept_date" time="0.001">
    <failure type="java.lang.NullPointerException">
      <![CDATA[java.lang.NullPointerException
at com.aircanada.testCases.SearchFlightTest.verify_Dept_date(SearchFlightTest.java:55)
at java.base/java.util.ArrayList.forEach(ArrayList.java:1541)
... Removed 31 stack frames]]>
    </failure>
  </testcase> <!-- verify_Dept_date -->
  <testcase classname="com.aircanada.testCases.SearchFlightTest" name="verify_displayed_tabs" time="0.001">
    <failure type="java.lang.NullPointerException">
      <![CDATA[java.lang.NullPointerException
at com.aircanada.testCases.SearchFlightTest.verify_displayed_tabs(SearchFlightTest.java:71)
at java.base/java.util.ArrayList.forEach(ArrayList.java:1541)
... Removed 31 stack frames]]>
    </failure>
  </testcase> <!-- verify_displayed_tabs -->
</testsuite> <!-- Test -->
